[ 1180412ms] [ERROR] Failed to load resource: the server responded with a status of 500 (Internal Server Error) @ http://localhost:3000/editor?_rsc=x0xc8:0
[ 1180604ms] [ERROR] Failed to load resource: the server responded with a status of 500 (Internal Server Error) @ http://localhost:3000/editor?_rsc=x0xc8:0
[ 1180697ms] [ERROR] Failed to load resource: the server responded with a status of 500 (Internal Server Error) @ http://localhost:3000/editor:0
[ 1181040ms] Error: Invalid supabaseUrl: Must be a valid HTTP or HTTPS URL.
    at validateSupabaseUrl (file:///Users/adriangroh/Documents/github-projects/reconic/.next/dev/server/chunks/node_modules_0e7f6a9a._.js:8059:51)
    at new SupabaseClient (file:///Users/adriangroh/Documents/github-projects/reconic/.next/dev/server/chunks/node_modules_0e7f6a9a._.js:8103:25)
    at createClient (file:///Users/adriangroh/Documents/github-projects/reconic/.next/dev/server/chunks/node_modules_0e7f6a9a._.js:8296:12)
    at createServerClient (file:///Users/adriangroh/Documents/github-projects/reconic/.next/dev/server/chunks/node_modules_0e7f6a9a._.js:9111:215)
    at updateSession (file:///Users/adriangroh/Documents/github-projects/reconic/.next/dev/server/chunks/[root-of-the-server]__9b8dcdde._.js:56:218)
    at proxy (file:///Users/adriangroh/Documents/github-projects/reconic/.next/dev/server/chunks/[root-of-the-server]__9b8dcdde._.js:86:165)
    at <unknown> (file:///Users/adriangroh/Documents/github-projects/reconic/.next/dev/server/chunks/node_modules_next_83565e93._.js:12851:26)
    at AsyncLocalStorage.run (node:internal/async_local_storage/async_hooks:91:14)
    at <unknown> (file:///Users/adriangroh/Documents/github-projects/reconic/.next/dev/server/chunks/node_modules_next_83565e93._.js:6957:633)
    at AsyncLocalStorage.run (node:internal/async_local_storage/async_hooks:91:14)
    at <unknown> (file:///Users/adriangroh/Documents/github-projects/reconic/.next/dev/server/chunks/node_modules_next_83565e93._.js:6957:314)
    at async adapter (file:///Users/adriangroh/Documents/github-projects/reconic/.next/dev/server/chunks/node_modules_next_83565e93._.js:6912:16)
    at async DevServer.runMiddleware (file:///Users/adriangroh/Documents/github-projects/reconic/node_modules/next/dist/server/next-server.js:1232:26)
    at async DevServer.runMiddleware (file:///Users/adriangroh/Documents/github-projects/reconic/node_modules/next/dist/server/dev/next-dev-server.js:278:28)
    at async NextNodeServer.handleCatchallMiddlewareRequest (file:///Users/adriangroh/Documents/github-projects/reconic/node_modules/next/dist/server/next-server.js:449:26)
    at async DevServer.handleRequestImpl (file:///Users/adriangroh/Documents/github-projects/reconic/node_modules/next/dist/server/base-server.js:935:28)
    at async (file:///Users/adriangroh/Documents/github-projects/reconic/node_modules/next/dist/server/dev/next-dev-server.js:387:20)
    at async Span.traceAsyncFn (file:///Users/adriangroh/Documents/github-projects/reconic/node_modules/next/dist/trace/trace.js:157:20)
    at async DevServer.handleRequest (file:///Users/adriangroh/Documents/github-projects/reconic/node_modules/next/dist/server/dev/next-dev-server.js:383:24)
    at async handleRoute (file:///Users/adriangroh/Documents/github-projects/reconic/node_modules/next/dist/server/lib/router-utils/resolve-routes.js:333:33)
    at async resolveRoutes (file:///Users/adriangroh/Documents/github-projects/reconic/node_modules/next/dist/server/lib/router-utils/resolve-routes.js:593:28)
    at async handleRequest (file:///Users/adriangroh/Documents/github-projects/reconic/node_modules/next/dist/server/lib/router-server.js:296:96)
    at async requestHandlerImpl (file:///Users/adriangroh/Documents/github-projects/reconic/node_modules/next/dist/server/lib/router-server.js:496:13)
    at async Server.requestListener (file:///Users/adriangroh/Documents/github-projects/reconic/node_modules/next/dist/server/lib/start-server.js:226:13)
[ 1212692ms] [ERROR] Failed to load resource: the server responded with a status of 500 (Internal Server Error) @ http://localhost:3000/editor:0
[ 1212839ms] Error: Invalid supabaseUrl: Must be a valid HTTP or HTTPS URL.
    at validateSupabaseUrl (file:///Users/adriangroh/Documents/github-projects/reconic/.next/dev/server/chunks/node_modules_0e7f6a9a._.js:8059:51)
    at new SupabaseClient (file:///Users/adriangroh/Documents/github-projects/reconic/.next/dev/server/chunks/node_modules_0e7f6a9a._.js:8103:25)
    at createClient (file:///Users/adriangroh/Documents/github-projects/reconic/.next/dev/server/chunks/node_modules_0e7f6a9a._.js:8296:12)
    at createServerClient (file:///Users/adriangroh/Documents/github-projects/reconic/.next/dev/server/chunks/node_modules_0e7f6a9a._.js:9111:215)
    at updateSession (file:///Users/adriangroh/Documents/github-projects/reconic/.next/dev/server/chunks/[root-of-the-server]__9b8dcdde._.js:56:218)
    at proxy (file:///Users/adriangroh/Documents/github-projects/reconic/.next/dev/server/chunks/[root-of-the-server]__9b8dcdde._.js:86:165)
    at <unknown> (file:///Users/adriangroh/Documents/github-projects/reconic/.next/dev/server/chunks/node_modules_next_83565e93._.js:12851:26)
    at AsyncLocalStorage.run (node:internal/async_local_storage/async_hooks:91:14)
    at <unknown> (file:///Users/adriangroh/Documents/github-projects/reconic/.next/dev/server/chunks/node_modules_next_83565e93._.js:6957:633)
    at AsyncLocalStorage.run (node:internal/async_local_storage/async_hooks:91:14)
    at <unknown> (file:///Users/adriangroh/Documents/github-projects/reconic/.next/dev/server/chunks/node_modules_next_83565e93._.js:6957:314)
    at async adapter (file:///Users/adriangroh/Documents/github-projects/reconic/.next/dev/server/chunks/node_modules_next_83565e93._.js:6912:16)
    at async DevServer.runMiddleware (file:///Users/adriangroh/Documents/github-projects/reconic/node_modules/next/dist/server/next-server.js:1232:26)
    at async DevServer.runMiddleware (file:///Users/adriangroh/Documents/github-projects/reconic/node_modules/next/dist/server/dev/next-dev-server.js:278:28)
    at async NextNodeServer.handleCatchallMiddlewareRequest (file:///Users/adriangroh/Documents/github-projects/reconic/node_modules/next/dist/server/next-server.js:449:26)
    at async DevServer.handleRequestImpl (file:///Users/adriangroh/Documents/github-projects/reconic/node_modules/next/dist/server/base-server.js:935:28)
    at async (file:///Users/adriangroh/Documents/github-projects/reconic/node_modules/next/dist/server/dev/next-dev-server.js:387:20)
    at async Span.traceAsyncFn (file:///Users/adriangroh/Documents/github-projects/reconic/node_modules/next/dist/trace/trace.js:157:20)
    at async DevServer.handleRequest (file:///Users/adriangroh/Documents/github-projects/reconic/node_modules/next/dist/server/dev/next-dev-server.js:383:24)
    at async handleRoute (file:///Users/adriangroh/Documents/github-projects/reconic/node_modules/next/dist/server/lib/router-utils/resolve-routes.js:333:33)
    at async resolveRoutes (file:///Users/adriangroh/Documents/github-projects/reconic/node_modules/next/dist/server/lib/router-utils/resolve-routes.js:593:28)
    at async handleRequest (file:///Users/adriangroh/Documents/github-projects/reconic/node_modules/next/dist/server/lib/router-server.js:296:96)
    at async requestHandlerImpl (file:///Users/adriangroh/Documents/github-projects/reconic/node_modules/next/dist/server/lib/router-server.js:496:13)
    at async Server.requestListener (file:///Users/adriangroh/Documents/github-projects/reconic/node_modules/next/dist/server/lib/start-server.js:226:13)
[ 1488244ms] [ERROR] Failed to load resource: the server responded with a status of 500 (Internal Server Error) @ http://localhost:3000/editor:0
[ 1488397ms] Error: Invalid supabaseUrl: Must be a valid HTTP or HTTPS URL.
    at validateSupabaseUrl (file:///Users/adriangroh/Documents/github-projects/reconic/.next/dev/server/chunks/node_modules_0e7f6a9a._.js:8059:51)
    at new SupabaseClient (file:///Users/adriangroh/Documents/github-projects/reconic/.next/dev/server/chunks/node_modules_0e7f6a9a._.js:8103:25)
    at createClient (file:///Users/adriangroh/Documents/github-projects/reconic/.next/dev/server/chunks/node_modules_0e7f6a9a._.js:8296:12)
    at createServerClient (file:///Users/adriangroh/Documents/github-projects/reconic/.next/dev/server/chunks/node_modules_0e7f6a9a._.js:9111:215)
    at updateSession (file:///Users/adriangroh/Documents/github-projects/reconic/.next/dev/server/chunks/[root-of-the-server]__9b8dcdde._.js:56:218)
    at proxy (file:///Users/adriangroh/Documents/github-projects/reconic/.next/dev/server/chunks/[root-of-the-server]__9b8dcdde._.js:86:165)
    at <unknown> (file:///Users/adriangroh/Documents/github-projects/reconic/.next/dev/server/chunks/node_modules_next_83565e93._.js:12851:26)
    at AsyncLocalStorage.run (node:internal/async_local_storage/async_hooks:91:14)
    at <unknown> (file:///Users/adriangroh/Documents/github-projects/reconic/.next/dev/server/chunks/node_modules_next_83565e93._.js:6957:633)
    at AsyncLocalStorage.run (node:internal/async_local_storage/async_hooks:91:14)
    at <unknown> (file:///Users/adriangroh/Documents/github-projects/reconic/.next/dev/server/chunks/node_modules_next_83565e93._.js:6957:314)
    at async adapter (file:///Users/adriangroh/Documents/github-projects/reconic/.next/dev/server/chunks/node_modules_next_83565e93._.js:6912:16)
    at async DevServer.runMiddleware (file:///Users/adriangroh/Documents/github-projects/reconic/node_modules/next/dist/server/next-server.js:1232:26)
    at async DevServer.runMiddleware (file:///Users/adriangroh/Documents/github-projects/reconic/node_modules/next/dist/server/dev/next-dev-server.js:278:28)
    at async NextNodeServer.handleCatchallMiddlewareRequest (file:///Users/adriangroh/Documents/github-projects/reconic/node_modules/next/dist/server/next-server.js:449:26)
    at async DevServer.handleRequestImpl (file:///Users/adriangroh/Documents/github-projects/reconic/node_modules/next/dist/server/base-server.js:935:28)
    at async (file:///Users/adriangroh/Documents/github-projects/reconic/node_modules/next/dist/server/dev/next-dev-server.js:387:20)
    at async Span.traceAsyncFn (file:///Users/adriangroh/Documents/github-projects/reconic/node_modules/next/dist/trace/trace.js:157:20)
    at async DevServer.handleRequest (file:///Users/adriangroh/Documents/github-projects/reconic/node_modules/next/dist/server/dev/next-dev-server.js:383:24)
    at async handleRoute (file:///Users/adriangroh/Documents/github-projects/reconic/node_modules/next/dist/server/lib/router-utils/resolve-routes.js:333:33)
    at async resolveRoutes (file:///Users/adriangroh/Documents/github-projects/reconic/node_modules/next/dist/server/lib/router-utils/resolve-routes.js:593:28)
    at async handleRequest (file:///Users/adriangroh/Documents/github-projects/reconic/node_modules/next/dist/server/lib/router-server.js:296:96)
    at async requestHandlerImpl (file:///Users/adriangroh/Documents/github-projects/reconic/node_modules/next/dist/server/lib/router-server.js:496:13)
    at async Server.requestListener (file:///Users/adriangroh/Documents/github-projects/reconic/node_modules/next/dist/server/lib/start-server.js:226:13)
[ 1918219ms] [ERROR] Failed to load resource: the server responded with a status of 500 (Internal Server Error) @ http://localhost:3000/editor:0
[ 1918375ms] Error: Invalid supabaseUrl: Must be a valid HTTP or HTTPS URL.
    at validateSupabaseUrl (file:///Users/adriangroh/Documents/github-projects/reconic/.next/dev/server/chunks/node_modules_0e7f6a9a._.js:8059:51)
    at new SupabaseClient (file:///Users/adriangroh/Documents/github-projects/reconic/.next/dev/server/chunks/node_modules_0e7f6a9a._.js:8103:25)
    at createClient (file:///Users/adriangroh/Documents/github-projects/reconic/.next/dev/server/chunks/node_modules_0e7f6a9a._.js:8296:12)
    at createServerClient (file:///Users/adriangroh/Documents/github-projects/reconic/.next/dev/server/chunks/node_modules_0e7f6a9a._.js:9111:215)
    at updateSession (file:///Users/adriangroh/Documents/github-projects/reconic/.next/dev/server/chunks/[root-of-the-server]__9b8dcdde._.js:56:218)
    at proxy (file:///Users/adriangroh/Documents/github-projects/reconic/.next/dev/server/chunks/[root-of-the-server]__9b8dcdde._.js:86:165)
    at <unknown> (file:///Users/adriangroh/Documents/github-projects/reconic/.next/dev/server/chunks/node_modules_next_83565e93._.js:12851:26)
    at AsyncLocalStorage.run (node:internal/async_local_storage/async_hooks:91:14)
    at <unknown> (file:///Users/adriangroh/Documents/github-projects/reconic/.next/dev/server/chunks/node_modules_next_83565e93._.js:6957:633)
    at AsyncLocalStorage.run (node:internal/async_local_storage/async_hooks:91:14)
    at <unknown> (file:///Users/adriangroh/Documents/github-projects/reconic/.next/dev/server/chunks/node_modules_next_83565e93._.js:6957:314)
    at async adapter (file:///Users/adriangroh/Documents/github-projects/reconic/.next/dev/server/chunks/node_modules_next_83565e93._.js:6912:16)
    at async DevServer.runMiddleware (file:///Users/adriangroh/Documents/github-projects/reconic/node_modules/next/dist/server/next-server.js:1232:26)
    at async DevServer.runMiddleware (file:///Users/adriangroh/Documents/github-projects/reconic/node_modules/next/dist/server/dev/next-dev-server.js:278:28)
    at async NextNodeServer.handleCatchallMiddlewareRequest (file:///Users/adriangroh/Documents/github-projects/reconic/node_modules/next/dist/server/next-server.js:449:26)
    at async DevServer.handleRequestImpl (file:///Users/adriangroh/Documents/github-projects/reconic/node_modules/next/dist/server/base-server.js:935:28)
    at async (file:///Users/adriangroh/Documents/github-projects/reconic/node_modules/next/dist/server/dev/next-dev-server.js:387:20)
    at async Span.traceAsyncFn (file:///Users/adriangroh/Documents/github-projects/reconic/node_modules/next/dist/trace/trace.js:157:20)
    at async DevServer.handleRequest (file:///Users/adriangroh/Documents/github-projects/reconic/node_modules/next/dist/server/dev/next-dev-server.js:383:24)
    at async handleRoute (file:///Users/adriangroh/Documents/github-projects/reconic/node_modules/next/dist/server/lib/router-utils/resolve-routes.js:333:33)
    at async resolveRoutes (file:///Users/adriangroh/Documents/github-projects/reconic/node_modules/next/dist/server/lib/router-utils/resolve-routes.js:593:28)
    at async handleRequest (file:///Users/adriangroh/Documents/github-projects/reconic/node_modules/next/dist/server/lib/router-server.js:296:96)
    at async requestHandlerImpl (file:///Users/adriangroh/Documents/github-projects/reconic/node_modules/next/dist/server/lib/router-server.js:496:13)
    at async Server.requestListener (file:///Users/adriangroh/Documents/github-projects/reconic/node_modules/next/dist/server/lib/start-server.js:226:13)
[ 2020229ms] [ERROR] WebSocket connection to 'ws://localhost:3000/_next/webpack-hmr' failed:  @ http://localhost:3000/_next/static/chunks/node_modules_next_dist_client_5a8a528e._.js:2266
[ 2021309ms] [ERROR] WebSocket connection to 'ws://localhost:3000/_next/webpack-hmr' failed: Error in connection establishment: net::ERR_CONNECTION_REFUSED @ http://localhost:3000/_next/static/chunks/node_modules_next_dist_client_5a8a528e._.js:2266
[ 2023601ms] [ERROR] Failed to load resource: the server responded with a status of 500 (Internal Server Error) @ http://localhost:3000/editor:0
[ 2023761ms] Error: Invalid supabaseUrl: Must be a valid HTTP or HTTPS URL.
    at validateSupabaseUrl (file:///Users/adriangroh/Documents/github-projects/reconic/.next/dev/server/chunks/node_modules_0e7f6a9a._.js:8059:51)
    at new SupabaseClient (file:///Users/adriangroh/Documents/github-projects/reconic/.next/dev/server/chunks/node_modules_0e7f6a9a._.js:8103:25)
    at createClient (file:///Users/adriangroh/Documents/github-projects/reconic/.next/dev/server/chunks/node_modules_0e7f6a9a._.js:8296:12)
    at createServerClient (file:///Users/adriangroh/Documents/github-projects/reconic/.next/dev/server/chunks/node_modules_0e7f6a9a._.js:9111:215)
    at updateSession (file:///Users/adriangroh/Documents/github-projects/reconic/.next/dev/server/chunks/[root-of-the-server]__9b8dcdde._.js:56:218)
    at proxy (file:///Users/adriangroh/Documents/github-projects/reconic/.next/dev/server/chunks/[root-of-the-server]__9b8dcdde._.js:86:165)
    at <unknown> (file:///Users/adriangroh/Documents/github-projects/reconic/.next/dev/server/chunks/node_modules_next_83565e93._.js:12851:26)
    at AsyncLocalStorage.run (node:internal/async_local_storage/async_hooks:91:14)
    at <unknown> (file:///Users/adriangroh/Documents/github-projects/reconic/.next/dev/server/chunks/node_modules_next_83565e93._.js:6957:633)
    at AsyncLocalStorage.run (node:internal/async_local_storage/async_hooks:91:14)
    at <unknown> (file:///Users/adriangroh/Documents/github-projects/reconic/.next/dev/server/chunks/node_modules_next_83565e93._.js:6957:314)
    at async adapter (file:///Users/adriangroh/Documents/github-projects/reconic/.next/dev/server/chunks/node_modules_next_83565e93._.js:6912:16)
    at async DevServer.runMiddleware (file:///Users/adriangroh/Documents/github-projects/reconic/node_modules/next/dist/server/next-server.js:1232:26)
    at async DevServer.runMiddleware (file:///Users/adriangroh/Documents/github-projects/reconic/node_modules/next/dist/server/dev/next-dev-server.js:278:28)
    at async NextNodeServer.handleCatchallMiddlewareRequest (file:///Users/adriangroh/Documents/github-projects/reconic/node_modules/next/dist/server/next-server.js:449:26)
    at async DevServer.handleRequestImpl (file:///Users/adriangroh/Documents/github-projects/reconic/node_modules/next/dist/server/base-server.js:935:28)
    at async (file:///Users/adriangroh/Documents/github-projects/reconic/node_modules/next/dist/server/dev/next-dev-server.js:387:20)
    at async Span.traceAsyncFn (file:///Users/adriangroh/Documents/github-projects/reconic/node_modules/next/dist/trace/trace.js:157:20)
    at async DevServer.handleRequest (file:///Users/adriangroh/Documents/github-projects/reconic/node_modules/next/dist/server/dev/next-dev-server.js:383:24)
    at async handleRoute (file:///Users/adriangroh/Documents/github-projects/reconic/node_modules/next/dist/server/lib/router-utils/resolve-routes.js:333:33)
    at async resolveRoutes (file:///Users/adriangroh/Documents/github-projects/reconic/node_modules/next/dist/server/lib/router-utils/resolve-routes.js:593:28)
    at async handleRequest (file:///Users/adriangroh/Documents/github-projects/reconic/node_modules/next/dist/server/lib/router-server.js:296:96)
    at async requestHandlerImpl (file:///Users/adriangroh/Documents/github-projects/reconic/node_modules/next/dist/server/lib/router-server.js:496:13)
    at async Server.requestListener (file:///Users/adriangroh/Documents/github-projects/reconic/node_modules/next/dist/server/lib/start-server.js:226:13)
[ 2078414ms] [ERROR] WebSocket connection to 'ws://localhost:3000/_next/webpack-hmr?id=ZxftGQ_9mC7dstGg-wAR9' failed:  @ http://localhost:3000/_next/static/chunks/node_modules_next_dist_client_17643121._.js:10878
[ 2079420ms] [ERROR] WebSocket connection to 'ws://localhost:3000/_next/webpack-hmr?id=ZxftGQ_9mC7dstGg-wAR9' failed: Error in connection establishment: net::ERR_CONNECTION_REFUSED @ http://localhost:3000/_next/static/chunks/node_modules_next_dist_client_17643121._.js:10878
